<?xml version="1.0" encoding="UTF-8"?>
<!-- Generated by org.testng.reporters.JUnitReportReporter -->
<testsuite name="com.qa.testcases.LoginpageTest" tests="4" time="87.181" ignored="0" failures="0" timestamp="23 Jul 2020 07:32:19 GMT" skipped="0" hostname="L-156175309" errors="0">
  <testcase name="loginTest" time="5.032" classname="com.qa.testcases.LoginpageTest"/>
  <testcase name="addToCartTest" time="59.359" classname="com.qa.testcases.LoginpageTest"/>
  <testcase name="searchForProductTest" time="16.478" classname="com.qa.testcases.LoginpageTest"/>
  <testcase name="logOutTest" time="6.312" classname="com.qa.testcases.LoginpageTest"/>
</testsuite> <!-- com.qa.testcases.LoginpageTest -->
