<?xml version="1.0" encoding="UTF-8"?>
<!-- Generated by org.testng.reporters.JUnitReportReporter -->
<testsuite name="com.qa.testcases.LoginpageTest" tests="1" time="103.312" ignored="0" failures="0" timestamp="22 Jul 2020 07:08:35 GMT" skipped="0" hostname="L-156175309" errors="0">
  <testcase name="loginTest" time="103.312" classname="com.qa.testcases.LoginpageTest"/>
</testsuite> <!-- com.qa.testcases.LoginpageTest -->
